GROUP,PACKAGE,CLASS,INSTRUCTION_MISSED,INSTRUCTION_COVERED,BRANCH_MISSED,BRANCH_COVERED,LINE_MISSED,LINE_COVERED,COMPLEXITY_MISSED,COMPLEXITY_COVERED,METHOD_MISSED,METHOD_COVERED
Calendar,calendar,CalendarMain,357,0,4,0,76,0,4,0,2,0
Calendar,calendar,DateOutOfRangeException,3,4,0,0,2,2,1,1,1,1
Calendar,calendar,XmlParserErrorHandler,76,3,2,0,13,1,5,1,4,1
Calendar,calendar,Appt,179,190,33,11,28,71,23,35,4,32
Calendar,calendar,CalDay,254,100,20,8,46,30,21,9,9,7
Calendar,calendar,CalendarUtil,20,71,7,3,6,7,6,3,1,3
Calendar,calendar,DataHandler,259,726,39,41,57,203,33,24,0,16
