GROUP,PACKAGE,CLASS,INSTRUCTION_MISSED,INSTRUCTION_COVERED,BRANCH_MISSED,BRANCH_COVERED,LINE_MISSED,LINE_COVERED,COMPLEXITY_MISSED,COMPLEXITY_COVERED,METHOD_MISSED,METHOD_COVERED
Calendar,calendar,CalendarMain,357,0,4,0,76,0,4,0,2,0
Calendar,calendar,DateOutOfRangeException,3,4,0,0,2,2,1,1,1,1
Calendar,calendar,XmlParserErrorHandler,76,3,2,0,13,1,5,1,4,1
Calendar,calendar,Appt,177,192,30,14,30,69,21,37,5,31
Calendar,calendar,CalDay,254,102,20,8,46,30,21,9,9,7
Calendar,calendar,CalendarUtil,91,0,10,0,13,0,9,0,4,0
Calendar,calendar,DataHandler,240,745,37,43,53,207,31,26,0,16
